C:\xampp\htdocs\siakaduc\.htaccess
C:\xampp\htdocs\siakaduc\composer.json
C:\xampp\htdocs\siakaduc\controllers\AnnouncementController.php
C:\xampp\htdocs\siakaduc\controllers\ApiController.php
C:\xampp\htdocs\siakaduc\controllers\BreadcrumblinksaddspController.php
C:\xampp\htdocs\siakaduc\controllers\BreadcrumblinkscheckspController.php
C:\xampp\htdocs\siakaduc\controllers\BreadcrumblinksdeletespController.php
C:\xampp\htdocs\siakaduc\controllers\BreadcrumblinksmovespController.php
C:\xampp\htdocs\siakaduc\controllers\ControllerBase.php
C:\xampp\htdocs\siakaduc\controllers\DosenController.php
C:\xampp\htdocs\siakaduc\controllers\FakultasController.php
C:\xampp\htdocs\siakaduc\controllers\HelpCategoriesController.php
C:\xampp\htdocs\siakaduc\controllers\HelpController.php
C:\xampp\htdocs\siakaduc\controllers\HomeController.php
C:\xampp\htdocs\siakaduc\controllers\KhsController.php
C:\xampp\htdocs\siakaduc\controllers\KrsController.php
C:\xampp\htdocs\siakaduc\controllers\KrsDetailController.php
C:\xampp\htdocs\siakaduc\controllers\LanguagesController.php
C:\xampp\htdocs\siakaduc\controllers\LoadaboutusController.php
C:\xampp\htdocs\siakaduc\controllers\LoadhelponlineController.php
C:\xampp\htdocs\siakaduc\controllers\LoadtermsconditionsController.php
C:\xampp\htdocs\siakaduc\controllers\MahasiswaController.php
C:\xampp\htdocs\siakaduc\controllers\MatakuliahController.php
C:\xampp\htdocs\siakaduc\controllers\OthersController.php
C:\xampp\htdocs\siakaduc\controllers\PrinttermsconditionsController.php
C:\xampp\htdocs\siakaduc\controllers\ProdiController.php
C:\xampp\htdocs\siakaduc\controllers\SettingsController.php
C:\xampp\htdocs\siakaduc\controllers\TahunAkademikController.php
C:\xampp\htdocs\siakaduc\controllers\TheuserprofileController.php
C:\xampp\htdocs\siakaduc\controllers\UserlevelpermissionsController.php
C:\xampp\htdocs\siakaduc\controllers\UserlevelsController.php
C:\xampp\htdocs\siakaduc\controllers\UsersController.php
C:\xampp\htdocs\siakaduc\css\ewpdf.scss
C:\xampp\htdocs\siakaduc\css\jquery.overlayScrollbars.css
C:\xampp\htdocs\siakaduc\css\new2025.scss
C:\xampp\htdocs\siakaduc\css\query-builder.scss
C:\xampp\htdocs\siakaduc\css\tabulator_bootstrap5.scss
C:\xampp\htdocs\siakaduc\css\tempus-dominus.scss
C:\xampp\htdocs\siakaduc\files\index.html
C:\xampp\htdocs\siakaduc\index.php
C:\xampp\htdocs\siakaduc\jquery\jquery.inputmask.js
C:\xampp\htdocs\siakaduc\jquery\jquery.inputmask.min.js
C:\xampp\htdocs\siakaduc\jquery\jquery.jtable.js
C:\xampp\htdocs\siakaduc\jquery\jquery.jtable.min.js
C:\xampp\htdocs\siakaduc\jquery\jquery.overlayScrollbars.js
C:\xampp\htdocs\siakaduc\jquery\jquery.overlayScrollbars.min.js
C:\xampp\htdocs\siakaduc\jquery\msjqueryinputmask.js
C:\xampp\htdocs\siakaduc\js\eweditor.js
C:\xampp\htdocs\siakaduc\js\ewfixedheadertable.js
C:\xampp\htdocs\siakaduc\js\masinoew.js
C:\xampp\htdocs\siakaduc\js\masinoewcore.js
C:\xampp\htdocs\siakaduc\js\userevent.js
C:\xampp\htdocs\siakaduc\js\userfn.js
C:\xampp\htdocs\siakaduc\js\userprivmod.js
C:\xampp\htdocs\siakaduc\js\userprivori.js
C:\xampp\htdocs\siakaduc\log\index.html
C:\xampp\htdocs\siakaduc\models\Announcement.php
C:\xampp\htdocs\siakaduc\models\AnnouncementAdd.php
C:\xampp\htdocs\siakaduc\models\AnnouncementDelete.php
C:\xampp\htdocs\siakaduc\models\AnnouncementEdit.php
C:\xampp\htdocs\siakaduc\models\AnnouncementList.php
C:\xampp\htdocs\siakaduc\models\AnnouncementView.php
C:\xampp\htdocs\siakaduc\models\Breadcrumblinksaddsp.php
C:\xampp\htdocs\siakaduc\models\Breadcrumblinkschecksp.php
C:\xampp\htdocs\siakaduc\models\Breadcrumblinksdeletesp.php
C:\xampp\htdocs\siakaduc\models\Breadcrumblinksmovesp.php
C:\xampp\htdocs\siakaduc\models\Captcha.php
C:\xampp\htdocs\siakaduc\models\ChangePassword.php
C:\xampp\htdocs\siakaduc\models\Dosen.php
C:\xampp\htdocs\siakaduc\models\DosenAdd.php
C:\xampp\htdocs\siakaduc\models\DosenDelete.php
C:\xampp\htdocs\siakaduc\models\DosenEdit.php
C:\xampp\htdocs\siakaduc\models\DosenList.php
C:\xampp\htdocs\siakaduc\models\DosenView.php
C:\xampp\htdocs\siakaduc\models\Fakultas.php
C:\xampp\htdocs\siakaduc\models\FakultasAdd.php
C:\xampp\htdocs\siakaduc\models\FakultasDelete.php
C:\xampp\htdocs\siakaduc\models\FakultasEdit.php
C:\xampp\htdocs\siakaduc\models\FakultasList.php
C:\xampp\htdocs\siakaduc\models\FakultasView.php
C:\xampp\htdocs\siakaduc\models\Help.php
C:\xampp\htdocs\siakaduc\models\HelpAdd.php
C:\xampp\htdocs\siakaduc\models\HelpCategories.php
C:\xampp\htdocs\siakaduc\models\HelpCategoriesAdd.php
C:\xampp\htdocs\siakaduc\models\HelpCategoriesDelete.php
C:\xampp\htdocs\siakaduc\models\HelpCategoriesEdit.php
C:\xampp\htdocs\siakaduc\models\HelpCategoriesList.php
C:\xampp\htdocs\siakaduc\models\HelpCategoriesView.php
C:\xampp\htdocs\siakaduc\models\HelpDelete.php
C:\xampp\htdocs\siakaduc\models\HelpEdit.php
C:\xampp\htdocs\siakaduc\models\HelpGrid.php
C:\xampp\htdocs\siakaduc\models\HelpList.php
C:\xampp\htdocs\siakaduc\models\HelpPreview.php
C:\xampp\htdocs\siakaduc\models\HelpView.php
C:\xampp\htdocs\siakaduc\models\Home.php
C:\xampp\htdocs\siakaduc\models\Khs.php
C:\xampp\htdocs\siakaduc\models\KhsAdd.php
C:\xampp\htdocs\siakaduc\models\KhsDelete.php
C:\xampp\htdocs\siakaduc\models\KhsEdit.php
C:\xampp\htdocs\siakaduc\models\KhsList.php
C:\xampp\htdocs\siakaduc\models\KhsView.php
C:\xampp\htdocs\siakaduc\models\Krs.php
C:\xampp\htdocs\siakaduc\models\KrsAdd.php
C:\xampp\htdocs\siakaduc\models\KrsDelete.php
C:\xampp\htdocs\siakaduc\models\KrsDetail.php
C:\xampp\htdocs\siakaduc\models\KrsDetailAdd.php
C:\xampp\htdocs\siakaduc\models\KrsDetailDelete.php
C:\xampp\htdocs\siakaduc\models\KrsDetailEdit.php
C:\xampp\htdocs\siakaduc\models\KrsDetailList.php
C:\xampp\htdocs\siakaduc\models\KrsDetailView.php
C:\xampp\htdocs\siakaduc\models\KrsEdit.php
C:\xampp\htdocs\siakaduc\models\KrsList.php
C:\xampp\htdocs\siakaduc\models\KrsView.php
C:\xampp\htdocs\siakaduc\models\Languages.php
C:\xampp\htdocs\siakaduc\models\LanguagesAdd.php
C:\xampp\htdocs\siakaduc\models\LanguagesDelete.php
C:\xampp\htdocs\siakaduc\models\LanguagesEdit.php
C:\xampp\htdocs\siakaduc\models\LanguagesList.php
C:\xampp\htdocs\siakaduc\models\LanguagesView.php
C:\xampp\htdocs\siakaduc\models\Loadaboutus.php
C:\xampp\htdocs\siakaduc\models\Loadhelponline.php
C:\xampp\htdocs\siakaduc\models\Loadtermsconditions.php
C:\xampp\htdocs\siakaduc\models\Login.php
C:\xampp\htdocs\siakaduc\models\Mahasiswa.php
C:\xampp\htdocs\siakaduc\models\MahasiswaAdd.php
C:\xampp\htdocs\siakaduc\models\MahasiswaDelete.php
C:\xampp\htdocs\siakaduc\models\MahasiswaEdit.php
C:\xampp\htdocs\siakaduc\models\MahasiswaList.php
C:\xampp\htdocs\siakaduc\models\MahasiswaView.php
C:\xampp\htdocs\siakaduc\models\Matakuliah.php
C:\xampp\htdocs\siakaduc\models\MatakuliahAdd.php
C:\xampp\htdocs\siakaduc\models\MatakuliahDelete.php
C:\xampp\htdocs\siakaduc\models\MatakuliahEdit.php
C:\xampp\htdocs\siakaduc\models\MatakuliahList.php
C:\xampp\htdocs\siakaduc\models\MatakuliahView.php
C:\xampp\htdocs\siakaduc\models\PersonalData.php
C:\xampp\htdocs\siakaduc\models\Printtermsconditions.php
C:\xampp\htdocs\siakaduc\models\Prodi.php
C:\xampp\htdocs\siakaduc\models\ProdiAdd.php
C:\xampp\htdocs\siakaduc\models\ProdiDelete.php
C:\xampp\htdocs\siakaduc\models\ProdiEdit.php
C:\xampp\htdocs\siakaduc\models\ProdiList.php
C:\xampp\htdocs\siakaduc\models\ProdiView.php
C:\xampp\htdocs\siakaduc\models\ResetPassword.php
C:\xampp\htdocs\siakaduc\models\Settings.php
C:\xampp\htdocs\siakaduc\models\SettingsAdd.php
C:\xampp\htdocs\siakaduc\models\SettingsDelete.php
C:\xampp\htdocs\siakaduc\models\SettingsEdit.php
C:\xampp\htdocs\siakaduc\models\SettingsList.php
C:\xampp\htdocs\siakaduc\models\SettingsView.php
C:\xampp\htdocs\siakaduc\models\TahunAkademik.php
C:\xampp\htdocs\siakaduc\models\TahunAkademikAdd.php
C:\xampp\htdocs\siakaduc\models\TahunAkademikDelete.php
C:\xampp\htdocs\siakaduc\models\TahunAkademikEdit.php
C:\xampp\htdocs\siakaduc\models\TahunAkademikList.php
C:\xampp\htdocs\siakaduc\models\TahunAkademikView.php
C:\xampp\htdocs\siakaduc\models\Theuserprofile.php
C:\xampp\htdocs\siakaduc\models\TheuserprofileAdd.php
C:\xampp\htdocs\siakaduc\models\TheuserprofileDelete.php
C:\xampp\htdocs\siakaduc\models\TheuserprofileEdit.php
C:\xampp\htdocs\siakaduc\models\TheuserprofileList.php
C:\xampp\htdocs\siakaduc\models\TheuserprofileSearch.php
C:\xampp\htdocs\siakaduc\models\TheuserprofileView.php
C:\xampp\htdocs\siakaduc\models\Userlevelpermissions.php
C:\xampp\htdocs\siakaduc\models\UserlevelpermissionsAdd.php
C:\xampp\htdocs\siakaduc\models\UserlevelpermissionsDelete.php
C:\xampp\htdocs\siakaduc\models\UserlevelpermissionsEdit.php
C:\xampp\htdocs\siakaduc\models\UserlevelpermissionsList.php
C:\xampp\htdocs\siakaduc\models\UserlevelpermissionsView.php
C:\xampp\htdocs\siakaduc\models\Userlevels.php
C:\xampp\htdocs\siakaduc\models\UserlevelsAdd.php
C:\xampp\htdocs\siakaduc\models\UserlevelsDelete.php
C:\xampp\htdocs\siakaduc\models\UserlevelsEdit.php
C:\xampp\htdocs\siakaduc\models\UserlevelsList.php
C:\xampp\htdocs\siakaduc\models\UserlevelsView.php
C:\xampp\htdocs\siakaduc\models\Userpriv.php
C:\xampp\htdocs\siakaduc\models\Users.php
C:\xampp\htdocs\siakaduc\models\UsersAdd.php
C:\xampp\htdocs\siakaduc\models\UsersDelete.php
C:\xampp\htdocs\siakaduc\models\UsersEdit.php
C:\xampp\htdocs\siakaduc\models\UsersGrid.php
C:\xampp\htdocs\siakaduc\models\UsersList.php
C:\xampp\htdocs\siakaduc\models\UsersPreview.php
C:\xampp\htdocs\siakaduc\models\UsersSearch.php
C:\xampp\htdocs\siakaduc\models\UsersView.php
C:\xampp\htdocs\siakaduc\package.json
C:\xampp\htdocs\siakaduc\src\AbstractCheckCredentialsListener.php
C:\xampp\htdocs\siakaduc\src\AbstractController.php
C:\xampp\htdocs\siakaduc\src\AbstractEntity.php
C:\xampp\htdocs\siakaduc\src\AbstractExport.php
C:\xampp\htdocs\siakaduc\src\AbstractExportBase.php
C:\xampp\htdocs\siakaduc\src\AbstractTwoFactorAuthentication.php
C:\xampp\htdocs\siakaduc\src\AccessTokenExtractor.php
C:\xampp\htdocs\siakaduc\src\AccessTokenHandler.php
C:\xampp\htdocs\siakaduc\src\AccessTokenUser.php
C:\xampp\htdocs\siakaduc\src\AccessTokenUserProvider.php
C:\xampp\htdocs\siakaduc\src\ActionType.php
C:\xampp\htdocs\siakaduc\src\AdvancedFilter.php
C:\xampp\htdocs\siakaduc\src\AdvancedSearch.php
C:\xampp\htdocs\siakaduc\src\AdvancedSecurity.php
C:\xampp\htdocs\siakaduc\src\AdvancedUserInterface.php
C:\xampp\htdocs\siakaduc\src\Allow.php
C:\xampp\htdocs\siakaduc\src\ApiActionEvent.php
C:\xampp\htdocs\siakaduc\src\ApiPermissionMiddleware.php
C:\xampp\htdocs\siakaduc\src\AttributeRouteControllerLoader.php
C:\xampp\htdocs\siakaduc\src\Attributes.php
C:\xampp\htdocs\siakaduc\src\AuditTrailHandler.php
C:\xampp\htdocs\siakaduc\src\AuthenticationEntryPoint.php
C:\xampp\htdocs\siakaduc\src\AuthenticationEventSubscriber.php
C:\xampp\htdocs\siakaduc\src\AuthenticationFailureHandler.php
C:\xampp\htdocs\siakaduc\src\AuthenticationMiddleware.php
C:\xampp\htdocs\siakaduc\src\AuthenticationSuccessHandler.php
C:\xampp\htdocs\siakaduc\src\BasicSearch.php
C:\xampp\htdocs\siakaduc\src\Breadcrumb.php
C:\xampp\htdocs\siakaduc\src\BytesType.php
C:\xampp\htdocs\siakaduc\src\CaptchaBase.php
C:\xampp\htdocs\siakaduc\src\CaptchaInterface.php
C:\xampp\htdocs\siakaduc\src\ChartExporter.php
C:\xampp\htdocs\siakaduc\src\ChartJsRenderer.php
C:\xampp\htdocs\siakaduc\src\ChartRendererInterface.php
C:\xampp\htdocs\siakaduc\src\ChartTypes.php
C:\xampp\htdocs\siakaduc\src\Cognito.php
C:\xampp\htdocs\siakaduc\src\ConfigurationEvent.php
C:\xampp\htdocs\siakaduc\src\ConnectionFactory.php
C:\xampp\htdocs\siakaduc\src\ContainerBuildEvent.php
C:\xampp\htdocs\siakaduc\src\ContainerBuiltEvent.php
C:\xampp\htdocs\siakaduc\src\CrosstabColumn.php
C:\xampp\htdocs\siakaduc\src\CrosstabTable.php
C:\xampp\htdocs\siakaduc\src\CspMiddleware.php
C:\xampp\htdocs\siakaduc\src\CsrfMiddleware.php
C:\xampp\htdocs\siakaduc\src\CustomLdapUserProvider.php
C:\xampp\htdocs\siakaduc\src\CustomUploadHandler.php
C:\xampp\htdocs\siakaduc\src\DataType.php
C:\xampp\htdocs\siakaduc\src\DatabaseConnectedEvent.php
C:\xampp\htdocs\siakaduc\src\DatabaseConnectingEvent.php
C:\xampp\htdocs\siakaduc\src\DbChart.php
C:\xampp\htdocs\siakaduc\src\DbField.php
C:\xampp\htdocs\siakaduc\src\DbFields.php
C:\xampp\htdocs\siakaduc\src\DbTable.php
C:\xampp\htdocs\siakaduc\src\DbTableBase.php
C:\xampp\htdocs\siakaduc\src\DebugStack.php
C:\xampp\htdocs\siakaduc\src\DoctrineCollector.php
C:\xampp\htdocs\siakaduc\src\Email.php
C:\xampp\htdocs\siakaduc\src\EmailTwoFactorAuthentication.php
C:\xampp\htdocs\siakaduc\src\EntityDescriptor.php
C:\xampp\htdocs\siakaduc\src\EntityManagerFactory.php
C:\xampp\htdocs\siakaduc\src\EntityUserProvider.php
C:\xampp\htdocs\siakaduc\src\Entity\Announcement.php
C:\xampp\htdocs\siakaduc\src\Entity\Dosen.php
C:\xampp\htdocs\siakaduc\src\Entity\Fakulta.php
C:\xampp\htdocs\siakaduc\src\Entity\Help.php
C:\xampp\htdocs\siakaduc\src\Entity\HelpCategory.php
C:\xampp\htdocs\siakaduc\src\Entity\Kh.php
C:\xampp\htdocs\siakaduc\src\Entity\Kr.php
C:\xampp\htdocs\siakaduc\src\Entity\KrsDetail.php
C:\xampp\htdocs\siakaduc\src\Entity\Language.php
C:\xampp\htdocs\siakaduc\src\Entity\Mahasiswa.php
C:\xampp\htdocs\siakaduc\src\Entity\Matakuliah.php
C:\xampp\htdocs\siakaduc\src\Entity\Prodi.php
C:\xampp\htdocs\siakaduc\src\Entity\Setting.php
C:\xampp\htdocs\siakaduc\src\Entity\TahunAkademik.php
C:\xampp\htdocs\siakaduc\src\Entity\Theuserprofile.php
C:\xampp\htdocs\siakaduc\src\Entity\User.php
C:\xampp\htdocs\siakaduc\src\Entity\Userlevel.php
C:\xampp\htdocs\siakaduc\src\Entity\Userlevelpermission.php
C:\xampp\htdocs\siakaduc\src\ExportCsv.php
C:\xampp\htdocs\siakaduc\src\ExportEmail.php
C:\xampp\htdocs\siakaduc\src\ExportExcel.php
C:\xampp\htdocs\siakaduc\src\ExportHandler.php
C:\xampp\htdocs\siakaduc\src\ExportHtml.php
C:\xampp\htdocs\siakaduc\src\ExportJson.php
C:\xampp\htdocs\siakaduc\src\ExportPdf.php
C:\xampp\htdocs\siakaduc\src\ExportPdfMasino.php
C:\xampp\htdocs\siakaduc\src\ExportPrint.php
C:\xampp\htdocs\siakaduc\src\ExportWord.php
C:\xampp\htdocs\siakaduc\src\ExportXml.php
C:\xampp\htdocs\siakaduc\src\FileUploadHandler.php
C:\xampp\htdocs\siakaduc\src\FileViewer.php
C:\xampp\htdocs\siakaduc\src\FirewallRequestMatcher.php
C:\xampp\htdocs\siakaduc\src\ForceLogoutUserAction.php
C:\xampp\htdocs\siakaduc\src\FormLogin1faAuthenticator.php
C:\xampp\htdocs\siakaduc\src\FormLogin2faAuthenticator.php
C:\xampp\htdocs\siakaduc\src\FormTrait.php
C:\xampp\htdocs\siakaduc\src\GeographyType.php
C:\xampp\htdocs\siakaduc\src\GeometryType.php
C:\xampp\htdocs\siakaduc\src\HierarchyIdType.php
C:\xampp\htdocs\siakaduc\src\HttpErrorHandler.php
C:\xampp\htdocs\siakaduc\src\HttpFoundationFactory.php
C:\xampp\htdocs\siakaduc\src\HttpKernel.php
C:\xampp\htdocs\siakaduc\src\HttpServiceUnavailableException.php
C:\xampp\htdocs\siakaduc\src\HttpUpload.php
C:\xampp\htdocs\siakaduc\src\HybridauthSessionStorage.php
C:\xampp\htdocs\siakaduc\src\JavascriptRenderer.php
C:\xampp\htdocs\siakaduc\src\JwtMiddleware.php
C:\xampp\htdocs\siakaduc\src\Language.php
C:\xampp\htdocs\siakaduc\src\LanguageLoadEvent.php
C:\xampp\htdocs\siakaduc\src\LegacyPasswordHasher.php
C:\xampp\htdocs\siakaduc\src\ListAction.php
C:\xampp\htdocs\siakaduc\src\ListActions.php
C:\xampp\htdocs\siakaduc\src\ListOption.php
C:\xampp\htdocs\siakaduc\src\ListOptions.php
C:\xampp\htdocs\siakaduc\src\ListOptionsCollection.php
C:\xampp\htdocs\siakaduc\src\LoginRateLimiter.php
C:\xampp\htdocs\siakaduc\src\LoginStatusEvent.php
C:\xampp\htdocs\siakaduc\src\LogoutSubscriber.php
C:\xampp\htdocs\siakaduc\src\Lookup.php
C:\xampp\htdocs\siakaduc\src\LookupTableInterface.php
C:\xampp\htdocs\siakaduc\src\MaintenanceMiddleware.php
C:\xampp\htdocs\siakaduc\src\Menu.php
C:\xampp\htdocs\siakaduc\src\MenuItem.php
C:\xampp\htdocs\siakaduc\src\MenuItemAddingEvent.php
C:\xampp\htdocs\siakaduc\src\MenuRenderedEvent.php
C:\xampp\htdocs\siakaduc\src\MenuRenderingEvent.php
C:\xampp\htdocs\siakaduc\src\MessagesTrait.php
C:\xampp\htdocs\siakaduc\src\MicrosoftEntraID.php
C:\xampp\htdocs\siakaduc\src\NumericPager.php
C:\xampp\htdocs\siakaduc\src\OptionValues.php
C:\xampp\htdocs\siakaduc\src\PageLoadingEvent.php
C:\xampp\htdocs\siakaduc\src\PageRenderingEvent.php
C:\xampp\htdocs\siakaduc\src\PageUnloadedEvent.php
C:\xampp\htdocs\siakaduc\src\Pager.php
C:\xampp\htdocs\siakaduc\src\PagerItem.php
C:\xampp\htdocs\siakaduc\src\PasswordHash.php
C:\xampp\htdocs\siakaduc\src\PermissionMiddleware.php
C:\xampp\htdocs\siakaduc\src\PhpCaptcha.php
C:\xampp\htdocs\siakaduc\src\PhpDebugBar.php
C:\xampp\htdocs\siakaduc\src\PhpDebugBarMiddleware.php
C:\xampp\htdocs\siakaduc\src\PhpEncryption.php
C:\xampp\htdocs\siakaduc\src\PhpHttpDriver.php
C:\xampp\htdocs\siakaduc\src\PhpMailerTransport.php
C:\xampp\htdocs\siakaduc\src\PhpMailerTransportFactory.php
C:\xampp\htdocs\siakaduc\src\PragmaRxTwoFactorAuthentication.php
C:\xampp\htdocs\siakaduc\src\PrevNextPager.php
C:\xampp\htdocs\siakaduc\src\ProfileStorage.php
C:\xampp\htdocs\siakaduc\src\PushNotification.php
C:\xampp\htdocs\siakaduc\src\RememberMeTokenProvider.php
C:\xampp\htdocs\siakaduc\src\ReportField.php
C:\xampp\htdocs\siakaduc\src\ReportTable.php
C:\xampp\htdocs\siakaduc\src\RequestDataCollector.php
C:\xampp\htdocs\siakaduc\src\RequestResponseStrategy.php
C:\xampp\htdocs\siakaduc\src\ResendRegisterEmailAction.php
C:\xampp\htdocs\siakaduc\src\ResetConcurrentUserAction.php
C:\xampp\htdocs\siakaduc\src\ResetLoginRetryAction.php
C:\xampp\htdocs\siakaduc\src\ResetUserSecretAction.php
C:\xampp\htdocs\siakaduc\src\RouteActionEvent.php
C:\xampp\htdocs\siakaduc\src\RouteAttributes.php
C:\xampp\htdocs\siakaduc\src\RowSummary.php
C:\xampp\htdocs\siakaduc\src\RowTotal.php
C:\xampp\htdocs\siakaduc\src\RowType.php
C:\xampp\htdocs\siakaduc\src\Saml2.php
C:\xampp\htdocs\siakaduc\src\SecurityContainerCompiledEvent.php
C:\xampp\htdocs\siakaduc\src\SecurityContainerCompilingEvent.php
C:\xampp\htdocs\siakaduc\src\SecurityContainerFactory.php
C:\xampp\htdocs\siakaduc\src\SecurityServiceLocator.php
C:\xampp\htdocs\siakaduc\src\SendLoginLinkAction.php
C:\xampp\htdocs\siakaduc\src\SendOneTimePasswordInterface.php
C:\xampp\htdocs\siakaduc\src\ServicesConfigurationEvent.php
C:\xampp\htdocs\siakaduc\src\SessionHandler.php
C:\xampp\htdocs\siakaduc\src\SessionMiddleware.php
C:\xampp\htdocs\siakaduc\src\SetPasswordExpiredAction.php
C:\xampp\htdocs\siakaduc\src\SmsTwoFactorAuthentication.php
C:\xampp\htdocs\siakaduc\src\SsoStateSessionStore.php
C:\xampp\htdocs\siakaduc\src\SubPage.php
C:\xampp\htdocs\siakaduc\src\SubPages.php
C:\xampp\htdocs\siakaduc\src\SummaryField.php
C:\xampp\htdocs\siakaduc\src\SwitchUserAction.php
C:\xampp\htdocs\siakaduc\src\SwitchUserVoter.php
C:\xampp\htdocs\siakaduc\src\SymfonyMailCollector.php
C:\xampp\htdocs\siakaduc\src\TwoFactorAuthenticatedToken.php
C:\xampp\htdocs\siakaduc\src\TwoFactorAuthenticatingToken.php
C:\xampp\htdocs\siakaduc\src\TwoFactorAuthenticationInterface.php
C:\xampp\htdocs\siakaduc\src\UploadHandler.php
C:\xampp\htdocs\siakaduc\src\UrlGenerator.php
C:\xampp\htdocs\siakaduc\src\UserActivatedException.php
C:\xampp\htdocs\siakaduc\src\UserChecker.php
C:\xampp\htdocs\siakaduc\src\UserProfile.php
C:\xampp\htdocs\siakaduc\src\UserRepository.php
C:\xampp\htdocs\siakaduc\src\WindowsUser.php
C:\xampp\htdocs\siakaduc\src\WindowsUserProvider.php
C:\xampp\htdocs\siakaduc\src\XmlDocument.php
C:\xampp\htdocs\siakaduc\src\apiroutes.php
C:\xampp\htdocs\siakaduc\src\config.development.php
C:\xampp\htdocs\siakaduc\src\config.php
C:\xampp\htdocs\siakaduc\src\config.production.php
C:\xampp\htdocs\siakaduc\src\config.security.php
C:\xampp\htdocs\siakaduc\src\constants.php
C:\xampp\htdocs\siakaduc\src\definitions.php
C:\xampp\htdocs\siakaduc\src\lock.php
C:\xampp\htdocs\siakaduc\src\phpfn.php
C:\xampp\htdocs\siakaduc\src\routes.php
C:\xampp\htdocs\siakaduc\src\security.php
C:\xampp\htdocs\siakaduc\src\services.php
C:\xampp\htdocs\siakaduc\src\userfn.php
C:\xampp\htdocs\siakaduc\src\userlevelsettings.php
C:\xampp\htdocs\siakaduc\views\AnnouncementAdd.php
C:\xampp\htdocs\siakaduc\views\AnnouncementDelete.php
C:\xampp\htdocs\siakaduc\views\AnnouncementEdit.php
C:\xampp\htdocs\siakaduc\views\AnnouncementList.php
C:\xampp\htdocs\siakaduc\views\AnnouncementView.php
C:\xampp\htdocs\siakaduc\views\Breadcrumblinksaddsp.php
C:\xampp\htdocs\siakaduc\views\Breadcrumblinkschecksp.php
C:\xampp\htdocs\siakaduc\views\Breadcrumblinksdeletesp.php
C:\xampp\htdocs\siakaduc\views\Breadcrumblinksmovesp.php
C:\xampp\htdocs\siakaduc\views\ChangePassword.php
C:\xampp\htdocs\siakaduc\views\DosenAdd.php
C:\xampp\htdocs\siakaduc\views\DosenDelete.php
C:\xampp\htdocs\siakaduc\views\DosenEdit.php
C:\xampp\htdocs\siakaduc\views\DosenList.php
C:\xampp\htdocs\siakaduc\views\DosenView.php
C:\xampp\htdocs\siakaduc\views\Error.php
C:\xampp\htdocs\siakaduc\views\FakultasAdd.php
C:\xampp\htdocs\siakaduc\views\FakultasDelete.php
C:\xampp\htdocs\siakaduc\views\FakultasEdit.php
C:\xampp\htdocs\siakaduc\views\FakultasList.php
C:\xampp\htdocs\siakaduc\views\FakultasView.php
C:\xampp\htdocs\siakaduc\views\HelpAdd.php
C:\xampp\htdocs\siakaduc\views\HelpCategoriesAdd.php
C:\xampp\htdocs\siakaduc\views\HelpCategoriesDelete.php
C:\xampp\htdocs\siakaduc\views\HelpCategoriesEdit.php
C:\xampp\htdocs\siakaduc\views\HelpCategoriesList.php
C:\xampp\htdocs\siakaduc\views\HelpCategoriesMaster.php
C:\xampp\htdocs\siakaduc\views\HelpCategoriesView.php
C:\xampp\htdocs\siakaduc\views\HelpDelete.php
C:\xampp\htdocs\siakaduc\views\HelpEdit.php
C:\xampp\htdocs\siakaduc\views\HelpGrid.php
C:\xampp\htdocs\siakaduc\views\HelpList.php
C:\xampp\htdocs\siakaduc\views\HelpPreview.php
C:\xampp\htdocs\siakaduc\views\HelpView.php
C:\xampp\htdocs\siakaduc\views\Home.php
C:\xampp\htdocs\siakaduc\views\KhsAdd.php
C:\xampp\htdocs\siakaduc\views\KhsDelete.php
C:\xampp\htdocs\siakaduc\views\KhsEdit.php
C:\xampp\htdocs\siakaduc\views\KhsList.php
C:\xampp\htdocs\siakaduc\views\KhsView.php
C:\xampp\htdocs\siakaduc\views\KrsAdd.php
C:\xampp\htdocs\siakaduc\views\KrsDelete.php
C:\xampp\htdocs\siakaduc\views\KrsDetailAdd.php
C:\xampp\htdocs\siakaduc\views\KrsDetailDelete.php
C:\xampp\htdocs\siakaduc\views\KrsDetailEdit.php
C:\xampp\htdocs\siakaduc\views\KrsDetailList.php
C:\xampp\htdocs\siakaduc\views\KrsDetailView.php
C:\xampp\htdocs\siakaduc\views\KrsEdit.php
C:\xampp\htdocs\siakaduc\views\KrsList.php
C:\xampp\htdocs\siakaduc\views\KrsView.php
C:\xampp\htdocs\siakaduc\views\LanguagesAdd.php
C:\xampp\htdocs\siakaduc\views\LanguagesDelete.php
C:\xampp\htdocs\siakaduc\views\LanguagesEdit.php
C:\xampp\htdocs\siakaduc\views\LanguagesList.php
C:\xampp\htdocs\siakaduc\views\LanguagesView.php
C:\xampp\htdocs\siakaduc\views\Loadaboutus.php
C:\xampp\htdocs\siakaduc\views\Loadhelponline.php
C:\xampp\htdocs\siakaduc\views\Loadtermsconditions.php
C:\xampp\htdocs\siakaduc\views\Login.php
C:\xampp\htdocs\siakaduc\views\MahasiswaAdd.php
C:\xampp\htdocs\siakaduc\views\MahasiswaDelete.php
C:\xampp\htdocs\siakaduc\views\MahasiswaEdit.php
C:\xampp\htdocs\siakaduc\views\MahasiswaList.php
C:\xampp\htdocs\siakaduc\views\MahasiswaView.php
C:\xampp\htdocs\siakaduc\views\MatakuliahAdd.php
C:\xampp\htdocs\siakaduc\views\MatakuliahDelete.php
C:\xampp\htdocs\siakaduc\views\MatakuliahEdit.php
C:\xampp\htdocs\siakaduc\views\MatakuliahList.php
C:\xampp\htdocs\siakaduc\views\MatakuliahView.php
C:\xampp\htdocs\siakaduc\views\PersonalData.php
C:\xampp\htdocs\siakaduc\views\Printtermsconditions.php
C:\xampp\htdocs\siakaduc\views\ProdiAdd.php
C:\xampp\htdocs\siakaduc\views\ProdiDelete.php
C:\xampp\htdocs\siakaduc\views\ProdiEdit.php
C:\xampp\htdocs\siakaduc\views\ProdiList.php
C:\xampp\htdocs\siakaduc\views\ProdiView.php
C:\xampp\htdocs\siakaduc\views\ResetPassword.php
C:\xampp\htdocs\siakaduc\views\SettingsAdd.php
C:\xampp\htdocs\siakaduc\views\SettingsDelete.php
C:\xampp\htdocs\siakaduc\views\SettingsEdit.php
C:\xampp\htdocs\siakaduc\views\SettingsList.php
C:\xampp\htdocs\siakaduc\views\SettingsView.php
C:\xampp\htdocs\siakaduc\views\TahunAkademikAdd.php
C:\xampp\htdocs\siakaduc\views\TahunAkademikDelete.php
C:\xampp\htdocs\siakaduc\views\TahunAkademikEdit.php
C:\xampp\htdocs\siakaduc\views\TahunAkademikList.php
C:\xampp\htdocs\siakaduc\views\TahunAkademikView.php
C:\xampp\htdocs\siakaduc\views\TheuserprofileAdd.php
C:\xampp\htdocs\siakaduc\views\TheuserprofileDelete.php
C:\xampp\htdocs\siakaduc\views\TheuserprofileEdit.php
C:\xampp\htdocs\siakaduc\views\TheuserprofileList.php
C:\xampp\htdocs\siakaduc\views\TheuserprofileSearch.php
C:\xampp\htdocs\siakaduc\views\TheuserprofileView.php
C:\xampp\htdocs\siakaduc\views\UserlevelpermissionsAdd.php
C:\xampp\htdocs\siakaduc\views\UserlevelpermissionsDelete.php
C:\xampp\htdocs\siakaduc\views\UserlevelpermissionsEdit.php
C:\xampp\htdocs\siakaduc\views\UserlevelpermissionsList.php
C:\xampp\htdocs\siakaduc\views\UserlevelpermissionsView.php
C:\xampp\htdocs\siakaduc\views\UserlevelsAdd.php
C:\xampp\htdocs\siakaduc\views\UserlevelsDelete.php
C:\xampp\htdocs\siakaduc\views\UserlevelsEdit.php
C:\xampp\htdocs\siakaduc\views\UserlevelsList.php
C:\xampp\htdocs\siakaduc\views\UserlevelsMaster.php
C:\xampp\htdocs\siakaduc\views\UserlevelsView.php
C:\xampp\htdocs\siakaduc\views\Userpriv.php
C:\xampp\htdocs\siakaduc\views\UsersAdd.php
C:\xampp\htdocs\siakaduc\views\UsersDelete.php
C:\xampp\htdocs\siakaduc\views\UsersEdit.php
C:\xampp\htdocs\siakaduc\views\UsersGrid.php
C:\xampp\htdocs\siakaduc\views\UsersList.php
C:\xampp\htdocs\siakaduc\views\UsersPreview.php
C:\xampp\htdocs\siakaduc\views\UsersSearch.php
C:\xampp\htdocs\siakaduc\views\UsersView.php
C:\xampp\htdocs\siakaduc\views\email.php
C:\xampp\htdocs\siakaduc\views\layout.php
C:\xampp\htdocs\siakaduc\views\menu.php
C:\xampp\htdocs\siakaduc\views\swagger.php
C:\xampp\htdocs\siakaduc\web.config